<?xml version="1.0" encoding="UTF-8"?>
<!-- Generated by org.testng.reporters.JUnitXMLReporter -->
<testsuite hostname="DESKTOP-VGPU1VB" ignored="0" name="Default test" tests="10" failures="0" timestamp="2020-12-06T20:05:06 IST" time="10.94" errors="0">
  <testcase name="@BeforeMethod open" time="9.62" classname="egain.tests.SurveyTests">
    <failure type="java.lang.IllegalArgumentException" message="Cannot format given Object as a Date">
      <![CDATA[java.lang.IllegalArgumentException: Cannot format given Object as a Date
at java.text.DateFormat.format(DateFormat.java:310)
at java.text.Format.format(Format.java:157)
at egain.tests.SurveyTests.open(SurveyTests.java:36)
at sun.reflect.NativeMethodAccessorImpl.invoke0(Native Method)
at sun.reflect.NativeMethodAccessorImpl.invoke(NativeMethodAccessorImpl.java:62)
at sun.reflect.DelegatingMethodAccessorImpl.invoke(DelegatingMethodAccessorImpl.java:43)
at java.lang.reflect.Method.invoke(Method.java:498)
at org.testng.internal.MethodInvocationHelper.invokeMethod(MethodInvocationHelper.java:132)
at org.testng.internal.MethodInvocationHelper.invokeMethodConsideringTimeout(MethodInvocationHelper.java:61)
at org.testng.internal.ConfigInvoker.invokeConfigurationMethod(ConfigInvoker.java:366)
at org.testng.internal.ConfigInvoker.invokeConfigurations(ConfigInvoker.java:320)
at org.testng.internal.TestInvoker.runConfigMethods(TestInvoker.java:701)
at org.testng.internal.TestInvoker.invokeMethod(TestInvoker.java:527)
at org.testng.internal.TestInvoker.invokeTestMethod(TestInvoker.java:174)
at org.testng.internal.MethodRunner.runInSequence(MethodRunner.java:46)
at org.testng.internal.TestInvoker$MethodInvocationAgent.invoke(TestInvoker.java:822)
at org.testng.internal.TestInvoker.invokeTestMethods(TestInvoker.java:147)
at org.testng.internal.TestMethodWorker.invokeTestMethods(TestMethodWorker.java:146)
at org.testng.internal.TestMethodWorker.run(TestMethodWorker.java:128)
at java.util.ArrayList.forEach(ArrayList.java:1259)
at org.testng.TestRunner.privateRun(TestRunner.java:764)
at org.testng.TestRunner.run(TestRunner.java:585)
at org.testng.SuiteRunner.runTest(SuiteRunner.java:384)
at org.testng.SuiteRunner.runSequentially(SuiteRunner.java:378)
at org.testng.SuiteRunner.privateRun(SuiteRunner.java:337)
at org.testng.SuiteRunner.run(SuiteRunner.java:286)
at org.testng.SuiteRunnerWorker.runSuite(SuiteRunnerWorker.java:53)
at org.testng.SuiteRunnerWorker.run(SuiteRunnerWorker.java:96)
at org.testng.TestNG.runSuitesSequentially(TestNG.java:1218)
at org.testng.TestNG.runSuitesLocally(TestNG.java:1140)
at org.testng.TestNG.runSuites(TestNG.java:1069)
at org.testng.TestNG.run(TestNG.java:1037)
at org.testng.remote.AbstractRemoteTestNG.run(AbstractRemoteTestNG.java:115)
at org.testng.remote.RemoteTestNG.initAndRun(RemoteTestNG.java:251)
at org.testng.remote.RemoteTestNG.main(RemoteTestNG.java:77)
]]>
    </failure>
  </testcase> <!-- @BeforeMethod open -->
  <testcase name="@AfterMethod close" time="-1.607265306699E9" classname="egain.tests.SurveyTests">
    <skipped/>
  </testcase> <!-- @AfterMethod close -->
  <testcase name="@BeforeMethod open" time="-1.607265306708E9" classname="egain.tests.SurveyTests">
    <skipped/>
  </testcase> <!-- @BeforeMethod open -->
  <testcase name="@AfterMethod close" time="-1.607265306718E9" classname="egain.tests.SurveyTests">
    <skipped/>
  </testcase> <!-- @AfterMethod close -->
  <testcase name="@BeforeMethod open" time="-1.607265306721E9" classname="egain.tests.SurveyTests">
    <skipped/>
  </testcase> <!-- @BeforeMethod open -->
  <testcase name="@AfterMethod close" time="-1.607265306751E9" classname="egain.tests.SurveyTests">
    <skipped/>
  </testcase> <!-- @AfterMethod close -->
  <testcase name="@BeforeMethod open" time="-1.607265306754E9" classname="egain.tests.SurveyTests">
    <skipped/>
  </testcase> <!-- @BeforeMethod open -->
  <testcase name="@AfterMethod close" time="-1.607265306768E9" classname="egain.tests.SurveyTests">
    <skipped/>
  </testcase> <!-- @AfterMethod close -->
  <testcase name="@BeforeMethod open" time="-1.607265306774E9" classname="egain.tests.SurveyTests">
    <skipped/>
  </testcase> <!-- @BeforeMethod open -->
  <testcase name="@AfterMethod close" time="-1.607265306799E9" classname="egain.tests.SurveyTests">
    <skipped/>
  </testcase> <!-- @AfterMethod close -->
  <testcase name="@BeforeMethod open" time="-1.607265306806E9" classname="egain.tests.SurveyTests">
    <skipped/>
  </testcase> <!-- @BeforeMethod open -->
  <testcase name="@AfterMethod close" time="-1.607265306835E9" classname="egain.tests.SurveyTests">
    <skipped/>
  </testcase> <!-- @AfterMethod close -->
  <testcase name="@BeforeMethod open" time="-1.607265306837E9" classname="egain.tests.SurveyTests">
    <skipped/>
  </testcase> <!-- @BeforeMethod open -->
  <testcase name="@AfterMethod close" time="-1.607265306851E9" classname="egain.tests.SurveyTests">
    <skipped/>
  </testcase> <!-- @AfterMethod close -->
  <testcase name="@BeforeMethod open" time="-1.607265306854E9" classname="egain.tests.SurveyTests">
    <skipped/>
  </testcase> <!-- @BeforeMethod open -->
  <testcase name="@AfterMethod close" time="-1.60726530686E9" classname="egain.tests.SurveyTests">
    <skipped/>
  </testcase> <!-- @AfterMethod close -->
  <testcase name="@BeforeMethod open" time="-1.607265306867E9" classname="egain.tests.SurveyTests">
    <skipped/>
  </testcase> <!-- @BeforeMethod open -->
  <testcase name="@AfterMethod close" time="-1.607265306877E9" classname="egain.tests.SurveyTests">
    <skipped/>
  </testcase> <!-- @AfterMethod close -->
  <testcase name="@BeforeMethod open" time="-1.607265306881E9" classname="egain.tests.SurveyTests">
    <skipped/>
  </testcase> <!-- @BeforeMethod open -->
  <testcase name="@AfterMethod close" time="-1.607265306905E9" classname="egain.tests.SurveyTests">
    <skipped/>
  </testcase> <!-- @AfterMethod close -->
  <testcase name="sampletest" time="0.0" classname="egain.tests.SurveyTests">
    <skipped/>
  </testcase> <!-- sampletest -->
  <testcase name="sampletest" time="0.0" classname="egain.tests.SurveyTests">
    <skipped/>
  </testcase> <!-- sampletest -->
  <testcase name="sampletest" time="0.0" classname="egain.tests.SurveyTests">
    <skipped/>
  </testcase> <!-- sampletest -->
  <testcase name="sampletest" time="0.0" classname="egain.tests.SurveyTests">
    <skipped/>
  </testcase> <!-- sampletest -->
  <testcase name="sampletest" time="0.0" classname="egain.tests.SurveyTests">
    <skipped/>
  </testcase> <!-- sampletest -->
  <testcase name="sampletest" time="0.0" classname="egain.tests.SurveyTests">
    <skipped/>
  </testcase> <!-- sampletest -->
  <testcase name="sampletest" time="0.0" classname="egain.tests.SurveyTests">
    <skipped/>
  </testcase> <!-- sampletest -->
  <testcase name="sampletest" time="0.0" classname="egain.tests.SurveyTests">
    <skipped/>
  </testcase> <!-- sampletest -->
  <testcase name="sampletest" time="0.0" classname="egain.tests.SurveyTests">
    <skipped/>
  </testcase> <!-- sampletest -->
  <testcase name="sampletest" time="0.0" classname="egain.tests.SurveyTests">
    <skipped/>
  </testcase> <!-- sampletest -->
</testsuite> <!-- Default test -->
