<?xml version="1.0" encoding="UTF-8"?>
<!-- Generated by org.testng.reporters.JUnitXMLReporter -->
<testsuite hostname="DESKTOP-VGPU1VB" ignored="0" name="egaintest" tests="10" failures="0" timestamp="2020-12-06T21:30:36 IST" time="113.41" errors="0">
  <testcase name="sampleTestCaseForEgain" time="1.654" classname="egain.tests.SurveyTests"/>
  <testcase name="sampleTestCaseForEgain" time="1.608" classname="egain.tests.SurveyTests"/>
  <testcase name="sampleTestCaseForEgain" time="1.394" classname="egain.tests.SurveyTests"/>
  <testcase name="sampleTestCaseForEgain" time="1.594" classname="egain.tests.SurveyTests"/>
  <testcase name="sampleTestCaseForEgain" time="1.347" classname="egain.tests.SurveyTests"/>
  <testcase name="sampleTestCaseForEgain" time="1.413" classname="egain.tests.SurveyTests"/>
  <testcase name="sampleTestCaseForEgain" time="1.579" classname="egain.tests.SurveyTests"/>
  <testcase name="sampleTestCaseForEgain" time="1.732" classname="egain.tests.SurveyTests"/>
  <testcase name="sampleTestCaseForEgain" time="1.812" classname="egain.tests.SurveyTests"/>
  <testcase name="sampleTestCaseForEgain" time="1.447" classname="egain.tests.SurveyTests"/>
</testsuite> <!-- egaintest -->
